<?xml version="1.0" encoding="UTF-8"?>
<!-- Generated by org.testng.reporters.JUnitReportReporter -->
<testsuite hostname="TYSS-Shobha" failures="0" tests="1" name="FrameWork.FetchingDataFromExcelFile" time="8.743" errors="0" timestamp="2024-12-04T20:10:26 IST" skipped="0">
  <testcase classname="FrameWork.FetchingDataFromExcelFile" name="fetchingdata" time="8.743"/>
</testsuite> <!-- FrameWork.FetchingDataFromExcelFile -->
