<?xml version="1.0" encoding="UTF-8"?>
<!-- Generated by org.testng.reporters.JUnitReportReporter -->
<testsuite hostname="TYSS-Shobha" failures="0" tests="5" name="TestNG.SampleTest" time="0.015" errors="0" timestamp="2024-12-03T20:42:58 IST" skipped="1">
  <testcase classname="TestNG.SampleTest" name="createContact" time="0.001"/>
  <testcase classname="TestNG.SampleTest" name="createContact" time="0.010"/>
  <testcase classname="TestNG.SampleTest" name="deleteContact" time="0.002"/>
  <testcase classname="TestNG.SampleTest" name="createContact" time="0.002"/>
  <testcase classname="TestNG.SampleTest" name="modifyContact">
    <skipped/>
  </testcase> <!-- modifyContact -->
</testsuite> <!-- TestNG.SampleTest -->
