<?xml version="1.0" encoding="UTF-8"?>
<!-- Generated by org.testng.reporters.JUnitReportReporter -->
<testsuite hostname="TYSS-Shobha" failures="0" tests="1" name="PopUps.BrowserNativePopup" time="5.100" errors="0" timestamp="2024-12-04T19:45:00 IST" skipped="0">
  <testcase classname="PopUps.BrowserNativePopup" name="m2" time="5.100"/>
</testsuite> <!-- PopUps.BrowserNativePopup -->
