<?xml version="1.0" encoding="UTF-8"?>
<!-- Generated by org.testng.reporters.JUnitReportReporter -->
<testsuite hostname="TYSS-Shobha" failures="0" tests="1" name="TestNG.TakeSCreenShotEx" time="5.642" errors="0" timestamp="2024-12-05T19:50:35 IST" skipped="0">
  <testcase classname="TestNG.TakeSCreenShotEx" name="m1" time="5.642"/>
</testsuite> <!-- TestNG.TakeSCreenShotEx -->
